<?xml version="1.0" encoding="UTF-8"?>
<testng-results ignored="0" total="1" passed="1" failed="0" skipped="0">
  <reporter-output>
  </reporter-output>
  <suite started-at="2021-05-25T07:15:32 IST" name="Default suite" finished-at="2021-05-25T07:16:34 IST" duration-ms="61924">
    <groups>
    </groups>
    <test started-at="2021-05-25T07:15:32 IST" name="Default test" finished-at="2021-05-25T07:16:34 IST" duration-ms="61924">
      <class name="test.TestNG_Demo">
        <test-method is-config="true" signature="setUpTest()[pri:0, instance:test.TestNG_Demo@1622f1b]" started-at="2021-05-25T07:15:32 IST" name="setUpTest" finished-at="2021-05-25T07:15:53 IST" duration-ms="20927" status="PASS">
          <reporter-output>
          </reporter-output>
        </test-method> <!-- setUpTest -->
        <test-method signature="googleSearch()[pri:0, instance:test.TestNG_Demo@1622f1b]" started-at="2021-05-25T07:15:53 IST" name="googleSearch" finished-at="2021-05-25T07:16:30 IST" duration-ms="36474" status="PASS">
          <reporter-output>
          </reporter-output>
        </test-method> <!-- googleSearch -->
        <test-method is-config="true" signature="tearDownTest()[pri:0, instance:test.TestNG_Demo@1622f1b]" started-at="2021-05-25T07:16:30 IST" name="tearDownTest" finished-at="2021-05-25T07:16:34 IST" duration-ms="4322" status="PASS">
          <reporter-output>
          </reporter-output>
        </test-method> <!-- tearDownTest -->
      </class> <!-- test.TestNG_Demo -->
    </test> <!-- Default test -->
  </suite> <!-- Default suite -->
</testng-results>
